0 info it worked if it ends with ok
1 verbose cli [ 'C:\\dev\\nodejs\\node.exe',
1 verbose cli   'C:\\dev\\nodejs\\node_modules\\npm\\bin\\npm-cli.js',
1 verbose cli   'publish' ]
2 info using npm@2.14.20
3 info using node@v4.4.0
4 verbose publish [ '.' ]
5 silly cache add args [ '.', null ]
6 verbose cache add spec .
7 silly cache add parsed spec Result {
7 silly cache add   raw: '.',
7 silly cache add   scope: null,
7 silly cache add   name: null,
7 silly cache add   rawSpec: '.',
7 silly cache add   spec: 'C:\\DEV\\Projekte\\express-yourself',
7 silly cache add   type: 'directory' }
8 verbose addLocalDirectory C:\Users\Frank\AppData\Roaming\npm-cache\node-express-yourself\0.0.2\package.tgz not in flight; packing
9 verbose correctMkdir C:\Users\Frank\AppData\Roaming\npm-cache correctMkdir not in flight; initializing
10 verbose tar pack [ 'C:\\Users\\Frank\\AppData\\Roaming\\npm-cache\\node-express-yourself\\0.0.2\\package.tgz',
10 verbose tar pack   'C:\\DEV\\Projekte\\express-yourself' ]
11 verbose tarball C:\Users\Frank\AppData\Roaming\npm-cache\node-express-yourself\0.0.2\package.tgz
12 verbose folder C:\DEV\Projekte\express-yourself
13 info prepublish node-express-yourself@0.0.2
14 verbose addLocalTarball adding from inside cache C:\Users\Frank\AppData\Roaming\npm-cache\node-express-yourself\0.0.2\package.tgz
15 verbose correctMkdir C:\Users\Frank\AppData\Roaming\npm-cache correctMkdir not in flight; initializing
16 silly cache afterAdd node-express-yourself@0.0.2
17 verbose afterAdd C:\Users\Frank\AppData\Roaming\npm-cache\node-express-yourself\0.0.2\package\package.json not in flight; writing
18 verbose correctMkdir C:\Users\Frank\AppData\Roaming\npm-cache correctMkdir not in flight; initializing
19 verbose afterAdd C:\Users\Frank\AppData\Roaming\npm-cache\node-express-yourself\0.0.2\package\package.json written
20 silly publish { name: 'node-express-yourself',
20 silly publish   version: '0.0.2',
20 silly publish   description: 'Express REST api self describing middleware',
20 silly publish   main: 'express-yourself.js',
20 silly publish   scripts: { test: 'echo "Error: no test specified" && exit 1' },
20 silly publish   keywords: [ 'express', 'rest' ],
20 silly publish   author: { name: 'Frank Klingebiel' },
20 silly publish   license: 'MIT',
20 silly publish   dependencies: { express: '^4.13.4' },
20 silly publish   repository:
20 silly publish    { type: 'git',
20 silly publish      url: 'git+https://github.com/rodney42/node-express-yourself.git' },
20 silly publish   readme: 'express yourself middleware\r\n===========================\r\n\r\nSummary\r\n-----------\r\n\r\nSelf describing REST api on top of the popular express framework for node.js.\r\nSee example.js for more details. For now the only external dependency is the express framework.\r\n',
20 silly publish   readmeFilename: 'readme.md',
20 silly publish   gitHead: '3ae4f164a8a7cb06a43782a44f8437b072083767',
20 silly publish   bugs: { url: 'https://github.com/rodney42/node-express-yourself/issues' },
20 silly publish   homepage: 'https://github.com/rodney42/node-express-yourself#readme',
20 silly publish   _id: 'node-express-yourself@0.0.2',
20 silly publish   _shasum: '64abd2f3c5a946c2cac4af5c11bd18c5cf2238ae',
20 silly publish   _from: '.' }
21 verbose getPublishConfig undefined
22 silly mapToRegistry name node-express-yourself
23 silly mapToRegistry using default registry
24 silly mapToRegistry registry https://registry.npmjs.org/
25 silly mapToRegistry uri https://registry.npmjs.org/node-express-yourself
26 verbose publish registryBase https://registry.npmjs.org/
27 silly publish uploading C:\Users\Frank\AppData\Roaming\npm-cache\node-express-yourself\0.0.2\package.tgz
28 verbose request uri https://registry.npmjs.org/node-express-yourself
29 verbose request sending authorization for write operation
30 info attempt registry request try #1 at 21:38:34
31 verbose request using bearer token for auth
32 verbose request id 55664964ab85cb23
33 http request PUT https://registry.npmjs.org/node-express-yourself
34 http 403 https://registry.npmjs.org/node-express-yourself
35 verbose headers { 'content-type': 'application/json',
35 verbose headers   'cache-control': 'max-age=300',
35 verbose headers   'content-length': '95',
35 verbose headers   'accept-ranges': 'bytes',
35 verbose headers   date: 'Tue, 04 Oct 2016 19:38:33 GMT',
35 verbose headers   via: '1.1 varnish',
35 verbose headers   connection: 'keep-alive',
35 verbose headers   'x-served-by': 'cache-fra1230-FRA',
35 verbose headers   'x-cache': 'MISS',
35 verbose headers   'x-cache-hits': '0',
35 verbose headers   'x-timer': 'S1475609912.511473,VS0,VE950',
35 verbose headers   vary: 'Accept-Encoding' }
36 verbose request invalidating C:\Users\Frank\AppData\Roaming\npm-cache\registry.npmjs.org\node-express-yourself on PUT
37 error publish Failed PUT 403
38 verbose stack Error: "You cannot publish over the previously published version 0.0.2." : node-express-yourself
38 verbose stack     at makeError (C:\dev\nodejs\node_modules\npm\node_modules\npm-registry-client\lib\request.js:264:12)
38 verbose stack     at CachingRegistryClient.<anonymous> (C:\dev\nodejs\node_modules\npm\node_modules\npm-registry-client\lib\request.js:252:14)
38 verbose stack     at Request._callback (C:\dev\nodejs\node_modules\npm\node_modules\npm-registry-client\lib\request.js:172:14)
38 verbose stack     at Request.self.callback (C:\dev\nodejs\node_modules\npm\node_modules\request\request.js:199:22)
38 verbose stack     at emitTwo (events.js:87:13)
38 verbose stack     at Request.emit (events.js:172:7)
38 verbose stack     at Request.<anonymous> (C:\dev\nodejs\node_modules\npm\node_modules\request\request.js:1036:10)
38 verbose stack     at emitOne (events.js:82:20)
38 verbose stack     at Request.emit (events.js:169:7)
38 verbose stack     at IncomingMessage.<anonymous> (C:\dev\nodejs\node_modules\npm\node_modules\request\request.js:963:12)
39 verbose statusCode 403
40 verbose pkgid node-express-yourself
41 verbose cwd C:\DEV\Projekte\express-yourself
42 error Windows_NT 10.0.10586
43 error argv "C:\\dev\\nodejs\\node.exe" "C:\\dev\\nodejs\\node_modules\\npm\\bin\\npm-cli.js" "publish"
44 error node v4.4.0
45 error npm  v2.14.20
46 error code E403
47 error "You cannot publish over the previously published version 0.0.2." : node-express-yourself
48 error If you need help, you may report this error at:
48 error     <https://github.com/npm/npm/issues>
49 verbose exit [ 1, true ]
